TN:
SF:src/field/index.ts
FN:12,Field
FN:17,readonly
FN:21,validation
FNF:3
FNH:1
FNDA:6,Field
FNDA:0,readonly
FNDA:0,validation
DA:1,1
DA:2,1
DA:3,1
DA:4,1
DA:5,1
DA:6,1
DA:7,1
DA:8,1
DA:9,1
DA:10,1
DA:11,1
DA:12,1
DA:13,6
DA:14,6
DA:15,6
DA:16,1
DA:17,1
DA:18,0
DA:19,0
DA:20,0
DA:21,1
DA:22,0
DA:23,0
DA:24,1
LF:24
LH:19
BRDA:12,0,0,6
BRF:1
BRH:1
end_of_record
TN:
SF:src/model/index.ts
FN:10,Model
FN:25,validate
FNF:2
FNH:1
FNDA:2,Model
FNDA:0,validate
DA:1,1
DA:2,1
DA:3,1
DA:4,1
DA:5,1
DA:6,1
DA:7,1
DA:8,1
DA:9,1
DA:10,1
DA:11,2
DA:12,2
DA:13,6
DA:14,2
DA:15,2
DA:16,6
DA:17,6
DA:18,6
DA:19,6
DA:20,6
DA:21,6
DA:22,2
DA:23,2
DA:24,1
DA:25,1
DA:26,0
DA:27,0
DA:28,0
DA:29,0
DA:30,0
DA:31,0
DA:32,0
DA:33,0
DA:34,0
DA:35,0
DA:36,0
DA:37,0
DA:38,0
DA:39,0
DA:40,1
DA:41,1
DA:42,1
DA:43,1
DA:44,1
DA:45,1
DA:46,1
DA:47,1
DA:48,1
DA:49,1
DA:50,1
DA:51,1
DA:52,1
DA:53,1
DA:54,1
DA:55,1
DA:56,1
DA:57,1
DA:58,1
DA:59,1
DA:60,1
DA:61,1
DA:62,1
DA:63,1
DA:64,1
DA:65,1
DA:66,1
DA:67,1
DA:68,1
DA:69,1
LF:69
LH:55
BRDA:10,0,0,2
BRDA:12,1,0,6
BRDA:13,2,0,2
BRDA:18,3,0,4
BRF:4
BRH:4
end_of_record
TN:
SF:src/validation/rule.ts
FN:22,ValidationRule
FN:27,and
FN:32,or
FN:37,run
FN:100,inRange
FN:109,equalTo
FN:115,min
FN:121,max
FN:127,match
FN:136,same
FN:145,length
FN:167,not
FNF:12
FNH:6
FNDA:34,ValidationRule
FNDA:1,and
FNDA:1,or
FNDA:10,run
FNDA:0,inRange
FNDA:0,equalTo
FNDA:0,min
FNDA:0,max
FNDA:0,match
FNDA:0,same
FNDA:2,length
FNDA:1,not
DA:1,1
DA:2,1
DA:3,1
DA:4,1
DA:5,1
DA:6,1
DA:7,1
DA:8,1
DA:9,1
DA:10,1
DA:11,1
DA:12,1
DA:13,1
DA:14,1
DA:15,1
DA:16,1
DA:17,1
DA:18,1
DA:19,1
DA:20,1
DA:21,1
DA:22,1
DA:23,34
DA:24,34
DA:25,34
DA:26,34
DA:27,1
DA:28,1
DA:29,2
DA:30,1
DA:31,1
DA:32,1
DA:33,1
DA:34,4
DA:35,1
DA:36,1
DA:37,1
DA:38,10
DA:39,4
DA:40,4
DA:41,4
DA:42,4
DA:43,4
DA:44,1
DA:45,1
DA:46,1
DA:47,0
DA:48,1
DA:49,1
DA:50,1
DA:51,1
DA:52,1
DA:53,0
DA:54,0
DA:55,1
DA:56,1
DA:57,1
DA:58,1
DA:59,1
DA:60,0
DA:61,0
DA:62,1
DA:63,1
DA:64,1
DA:65,1
DA:66,1
DA:67,0
DA:68,0
DA:69,1
DA:70,1
DA:71,1
DA:72,1
DA:73,1
DA:74,8
DA:75,8
DA:76,1
DA:77,1
DA:78,1
DA:79,0
DA:80,1
DA:81,1
DA:82,1
DA:83,0
DA:84,1
DA:85,1
DA:86,1
DA:87,0
DA:88,1
DA:89,1
DA:90,1
DA:91,0
DA:92,1
DA:93,1
DA:94,1
DA:95,0
DA:96,1
DA:97,1
DA:98,1
DA:99,1
DA:100,0
DA:101,0
DA:102,0
DA:103,0
DA:104,0
DA:105,0
DA:106,0
DA:107,0
DA:108,1
DA:109,0
DA:110,0
DA:111,0
DA:112,0
DA:113,0
DA:114,1
DA:115,0
DA:116,0
DA:117,0
DA:118,0
DA:119,0
DA:120,1
DA:121,0
DA:122,0
DA:123,0
DA:124,0
DA:125,0
DA:126,1
DA:127,0
DA:128,0
DA:129,0
DA:130,0
DA:131,0
DA:132,0
DA:133,0
DA:134,0
DA:135,1
DA:136,0
DA:137,0
DA:138,0
DA:139,0
DA:140,0
DA:141,0
DA:142,0
DA:143,0
DA:144,1
DA:145,2
DA:146,2
DA:147,2
DA:148,2
DA:149,4
DA:150,4
DA:151,4
DA:152,4
DA:153,4
DA:154,4
DA:155,4
DA:156,0
DA:157,0
DA:158,0
DA:159,0
DA:160,0
DA:161,4
DA:162,4
DA:163,4
DA:164,2
DA:165,2
DA:166,1
DA:167,1
DA:168,1
DA:169,1
DA:170,1
DA:171,2
DA:172,1
DA:173,1
DA:174,1
DA:175,1
LF:175
LH:119
BRDA:22,0,0,34
BRDA:27,1,0,1
BRDA:28,2,0,2
BRDA:32,3,0,1
BRDA:33,4,0,4
BRDA:34,5,0,2
BRDA:37,6,0,10
BRDA:38,7,0,6
BRDA:39,8,0,4
BRDA:73,9,0,8
BRDA:145,10,0,2
BRDA:148,11,0,4
BRDA:150,12,0,0
BRDA:155,13,0,0
BRDA:162,14,0,3
BRDA:167,15,0,1
BRDA:170,16,0,2
BRF:17
BRH:15
end_of_record
TN:
SF:src/validation/validators.ts
FN:1,notEmpty
FNF:1
FNH:0
FNDA:0,notEmpty
DA:1,0
DA:2,0
DA:3,0
DA:4,0
DA:5,0
DA:6,0
DA:7,0
DA:8,0
DA:9,0
DA:10,0
DA:11,0
DA:12,0
DA:13,0
DA:14,0
LF:14
LH:0
BRF:0
BRH:0
end_of_record
