TN:
SF:src/field/index.ts
FN:11,Field
FN:15,validators
FN:19,readonly
FNF:3
FNH:1
FNDA:4,Field
FNDA:0,validators
FNDA:0,readonly
DA:1,1
DA:2,1
DA:3,1
DA:4,1
DA:5,1
DA:6,1
DA:7,1
DA:8,1
DA:9,1
DA:10,1
DA:11,1
DA:12,4
DA:13,4
DA:14,4
DA:15,1
DA:16,0
DA:17,0
DA:18,0
DA:19,1
DA:20,0
DA:21,0
DA:22,0
DA:23,1
LF:23
LH:17
BRDA:11,0,0,4
BRF:1
BRH:1
end_of_record
TN:
SF:src/field/validators.ts
FN:4,empty
FN:11,notEmpty
FN:15,inRange
FN:19,notInRange
FN:23,validEmail
FNF:5
FNH:2
FNDA:12,empty
FNDA:6,notEmpty
FNDA:0,inRange
FNDA:0,notInRange
FNDA:0,validEmail
DA:1,1
DA:2,1
DA:3,1
DA:4,12
DA:5,12
DA:6,4
DA:7,4
DA:8,12
DA:9,12
DA:10,1
DA:11,6
DA:12,6
DA:13,6
DA:14,1
DA:15,0
DA:16,0
DA:17,0
DA:18,1
DA:19,0
DA:20,0
DA:21,0
DA:22,1
DA:23,0
DA:24,0
DA:25,0
DA:26,0
LF:26
LH:16
BRDA:4,0,0,12
BRDA:5,1,0,4
BRDA:8,2,0,8
BRDA:8,3,0,6
BRDA:11,4,0,6
BRF:5
BRH:5
end_of_record
TN:
SF:src/model/index.ts
FN:10,Model
FNF:1
FNH:1
FNDA:2,Model
DA:1,1
DA:2,1
DA:3,1
DA:4,1
DA:5,1
DA:6,1
DA:7,1
DA:8,1
DA:9,1
DA:10,1
DA:11,2
DA:12,2
DA:13,2
DA:14,4
DA:15,2
DA:16,2
DA:17,4
DA:18,4
DA:19,4
DA:20,4
DA:21,4
DA:22,4
DA:23,2
DA:24,2
DA:25,1
DA:26,1
DA:27,1
DA:28,1
DA:29,1
DA:30,1
DA:31,1
DA:32,1
DA:33,1
DA:34,1
DA:35,1
DA:36,1
DA:37,1
DA:38,1
DA:39,1
DA:40,1
DA:41,1
DA:42,1
DA:43,1
DA:44,1
DA:45,1
DA:46,1
DA:47,1
DA:48,1
DA:49,1
DA:50,1
DA:51,1
DA:52,1
DA:53,1
DA:54,1
LF:54
LH:54
BRDA:10,0,0,2
BRDA:13,1,0,4
BRDA:14,2,0,2
BRDA:19,3,0,2
BRF:4
BRH:4
end_of_record
